The system is: Windows - 10.0.19045 - AMD64
Compiling the C compiler identification source file "CMakeCCompilerId.c" succeeded.
Compiler: C:/Program Files (x86)/Microsoft Visual Studio/2019/Community/VC/Tools/MSVC/14.28.29910/bin/Hostx86/x86/cl.exe 
Build flags: 
Id flags:  

The output was:
0
Microsoft (R) C/C++ Optimizing Compiler Version 19.28.29913 for x86
Copyright (C) Microsoft Corporation.  All rights reserved.

CMakeCCompilerId.c
Microsoft (R) Incremental Linker Version 14.28.29913.0
Copyright (C) Microsoft Corporation.  All rights reserved.

/out:CMakeCCompilerId.exe 
CMakeCCompilerId.obj 


Compilation of the C compiler identification source "CMakeCCompilerId.c" produced "CMakeCCompilerId.exe"

Compilation of the C compiler identification source "CMakeCCompilerId.c" produced "CMakeCCompilerId.obj"

The C compiler identification is MSVC, found in "C:/Users/hughm/Desktop/Written_Code/EspritDeCorps/cmake-build-debug/CMakeFiles/3.25.2/CompilerIdC/CMakeCCompilerId.exe"

Compiling the CXX compiler identification source file "CMakeCXXCompilerId.cpp" succeeded.
Compiler: C:/Program Files (x86)/Microsoft Visual Studio/2019/Community/VC/Tools/MSVC/14.28.29910/bin/Hostx86/x86/cl.exe 
Build flags: 
Id flags:  

The output was:
0
Microsoft (R) C/C++ Optimizing Compiler Version 19.28.29913 for x86
Copyright (C) Microsoft Corporation.  All rights reserved.

CMakeCXXCompilerId.cpp
Microsoft (R) Incremental Linker Version 14.28.29913.0
Copyright (C) Microsoft Corporation.  All rights reserved.

/out:CMakeCXXCompilerId.exe 
CMakeCXXCompilerId.obj 


Compilation of the CXX compiler identification source "CMakeCXXCompilerId.cpp" produced "CMakeCXXCompilerId.exe"

Compilation of the CXX compiler identification source "CMakeCXXCompilerId.cpp" produced "CMakeCXXCompilerId.obj"

The CXX compiler identification is MSVC, found in "C:/Users/hughm/Desktop/Written_Code/EspritDeCorps/cmake-build-debug/CMakeFiles/3.25.2/CompilerIdCXX/CMakeCXXCompilerId.exe"

Detecting C compiler ABI info compiled with the following output:
Change Dir: C:/Users/hughm/Desktop/Written_Code/EspritDeCorps/cmake-build-debug/CMakeFiles/CMakeScratch/TryCompile-aqacy1

Run Build Command(s):C:/Users/hughm/AppData/Local/JetBrains/Toolbox/apps/CLion/ch-0/231.9225.21/bin/ninja/win/x64/ninja.exe cmTC_e1084 && [1/2] Building C object CMakeFiles\cmTC_e1084.dir\CMakeCCompilerABI.c.obj
[2/2] Linking C executable cmTC_e1084.exe



Detecting CXX compiler ABI info compiled with the following output:
Change Dir: C:/Users/hughm/Desktop/Written_Code/EspritDeCorps/cmake-build-debug/CMakeFiles/CMakeScratch/TryCompile-cm5mlr

Run Build Command(s):C:/Users/hughm/AppData/Local/JetBrains/Toolbox/apps/CLion/ch-0/231.9225.21/bin/ninja/win/x64/ninja.exe cmTC_67fa3 && [1/2] Building CXX object CMakeFiles\cmTC_67fa3.dir\CMakeCXXCompilerABI.cpp.obj
[2/2] Linking CXX executable cmTC_67fa3.exe



