Performing C SOURCE FILE Test CMAKE_HAVE_LIBC_PTHREAD failed with the following output:
Change Dir: C:/Users/hughm/Desktop/Written_Code/EspritDeCorps/cmake-build-debug/CMakeFiles/CMakeScratch/TryCompile-s38blh

Run Build Command(s):C:/Users/hughm/AppData/Local/JetBrains/Toolbox/apps/CLion/ch-0/231.9225.21/bin/ninja/win/x64/ninja.exe cmTC_40390 && [1/2] Building C object CMakeFiles\cmTC_40390.dir\src.c.obj
[31mFAILED: [0mCMakeFiles/cmTC_40390.dir/src.c.obj 
C:\PROGRA~2\MICROS~2\2019\COMMUN~1\VC\Tools\MSVC\1428~1.299\bin\Hostx86\x86\cl.exe  /nologo -DCMAKE_HAVE_LIBC_PTHREAD  /DWIN32 /D_WINDOWS  /Ob0 /Od /RTC1 -MDd -Zi /showIncludes /FoCMakeFiles\cmTC_40390.dir\src.c.obj /FdCMakeFiles\cmTC_40390.dir\ /FS -c C:\Users\hughm\Desktop\Written_Code\EspritDeCorps\cmake-build-debug\CMakeFiles\CMakeScratch\TryCompile-s38blh\src.c
C:\Users\hughm\Desktop\Written_Code\EspritDeCorps\cmake-build-debug\CMakeFiles\CMakeScratch\TryCompile-s38blh\src.c(1): fatal error C1083: Cannot open include file: 'pthread.h': No such file or directory
ninja: build stopped: subcommand failed.


Source file was:
#include <pthread.h>

static void* test_func(void* data)
{
  return data;
}

int main(void)
{
  pthread_t thread;
  pthread_create(&thread, NULL, test_func, NULL);
  pthread_detach(thread);
  pthread_cancel(thread);
  pthread_join(thread, NULL);
  pthread_atfork(NULL, NULL, NULL);
  pthread_exit(NULL);

  return 0;
}


Determining if the function pthread_create exists in the pthreads failed with the following output:
Change Dir: C:/Users/hughm/Desktop/Written_Code/EspritDeCorps/cmake-build-debug/CMakeFiles/CMakeScratch/TryCompile-sx7zgi

Run Build Command(s):C:/Users/hughm/AppData/Local/JetBrains/Toolbox/apps/CLion/ch-0/231.9225.21/bin/ninja/win/x64/ninja.exe cmTC_7fbe3 && [1/2] Building C object CMakeFiles\cmTC_7fbe3.dir\CheckFunctionExists.c.obj
[2/2] Linking C executable cmTC_7fbe3.exe
[31mFAILED: [0mcmTC_7fbe3.exe 
cmd.exe /C "cd . && C:\Users\hughm\AppData\Local\JetBrains\Toolbox\apps\CLion\ch-0\231.9225.21\bin\cmake\win\x64\bin\cmake.exe -E vs_link_exe --intdir=CMakeFiles\cmTC_7fbe3.dir --rc=C:\PROGRA~2\WI3CF2~1\10\bin\100190~1.0\x86\rc.exe --mt=C:\PROGRA~2\WI3CF2~1\10\bin\100190~1.0\x86\mt.exe --manifests  -- C:\PROGRA~2\MICROS~2\2019\COMMUN~1\VC\Tools\MSVC\1428~1.299\bin\Hostx86\x86\link.exe /nologo CMakeFiles\cmTC_7fbe3.dir\CheckFunctionExists.c.obj  /out:cmTC_7fbe3.exe /implib:cmTC_7fbe3.lib /pdb:cmTC_7fbe3.pdb /version:0.0 /machine:X86  /debug /INCREMENTAL /subsystem:console  pthreads.lib  kernel32.lib user32.lib gdi32.lib winspool.lib shell32.lib ole32.lib oleaut32.lib uuid.lib comdlg32.lib advapi32.lib && cd ."
LINK Pass 1: command "C:\PROGRA~2\MICROS~2\2019\COMMUN~1\VC\Tools\MSVC\1428~1.299\bin\Hostx86\x86\link.exe /nologo CMakeFiles\cmTC_7fbe3.dir\CheckFunctionExists.c.obj /out:cmTC_7fbe3.exe /implib:cmTC_7fbe3.lib /pdb:cmTC_7fbe3.pdb /version:0.0 /machine:X86 /debug /INCREMENTAL /subsystem:console pthreads.lib kernel32.lib user32.lib gdi32.lib winspool.lib shell32.lib ole32.lib oleaut32.lib uuid.lib comdlg32.lib advapi32.lib /MANIFEST /MANIFESTFILE:CMakeFiles\cmTC_7fbe3.dir/intermediate.manifest CMakeFiles\cmTC_7fbe3.dir/manifest.res" failed (exit code 1104) with the following output:
LINK : fatal error LNK1104: cannot open file 'pthreads.lib'
ninja: build stopped: subcommand failed.



Determining if the function pthread_create exists in the pthread failed with the following output:
Change Dir: C:/Users/hughm/Desktop/Written_Code/EspritDeCorps/cmake-build-debug/CMakeFiles/CMakeScratch/TryCompile-5je0c6

Run Build Command(s):C:/Users/hughm/AppData/Local/JetBrains/Toolbox/apps/CLion/ch-0/231.9225.21/bin/ninja/win/x64/ninja.exe cmTC_d4769 && [1/2] Building C object CMakeFiles\cmTC_d4769.dir\CheckFunctionExists.c.obj
[2/2] Linking C executable cmTC_d4769.exe
[31mFAILED: [0mcmTC_d4769.exe 
cmd.exe /C "cd . && C:\Users\hughm\AppData\Local\JetBrains\Toolbox\apps\CLion\ch-0\231.9225.21\bin\cmake\win\x64\bin\cmake.exe -E vs_link_exe --intdir=CMakeFiles\cmTC_d4769.dir --rc=C:\PROGRA~2\WI3CF2~1\10\bin\100190~1.0\x86\rc.exe --mt=C:\PROGRA~2\WI3CF2~1\10\bin\100190~1.0\x86\mt.exe --manifests  -- C:\PROGRA~2\MICROS~2\2019\COMMUN~1\VC\Tools\MSVC\1428~1.299\bin\Hostx86\x86\link.exe /nologo CMakeFiles\cmTC_d4769.dir\CheckFunctionExists.c.obj  /out:cmTC_d4769.exe /implib:cmTC_d4769.lib /pdb:cmTC_d4769.pdb /version:0.0 /machine:X86  /debug /INCREMENTAL /subsystem:console  pthread.lib  kernel32.lib user32.lib gdi32.lib winspool.lib shell32.lib ole32.lib oleaut32.lib uuid.lib comdlg32.lib advapi32.lib && cd ."
LINK Pass 1: command "C:\PROGRA~2\MICROS~2\2019\COMMUN~1\VC\Tools\MSVC\1428~1.299\bin\Hostx86\x86\link.exe /nologo CMakeFiles\cmTC_d4769.dir\CheckFunctionExists.c.obj /out:cmTC_d4769.exe /implib:cmTC_d4769.lib /pdb:cmTC_d4769.pdb /version:0.0 /machine:X86 /debug /INCREMENTAL /subsystem:console pthread.lib kernel32.lib user32.lib gdi32.lib winspool.lib shell32.lib ole32.lib oleaut32.lib uuid.lib comdlg32.lib advapi32.lib /MANIFEST /MANIFESTFILE:CMakeFiles\cmTC_d4769.dir/intermediate.manifest CMakeFiles\cmTC_d4769.dir/manifest.res" failed (exit code 1104) with the following output:
LINK : fatal error LNK1104: cannot open file 'pthread.lib'
ninja: build stopped: subcommand failed.



